[Sat, 24 Aug 2013 16:05:20 +0400] (N); Creating database scheme
[Sat, 24 Aug 2013 16:05:30 +0400] (N); Importing data
[Sat, 24 Aug 2013 16:05:32 +0400] (N); Creating demo
[Sat, 24 Aug 2013 16:05:33 +0400] (N); Installing additional language en
[Sat, 24 Aug 2013 16:05:35 +0400] (N); Installing additional language en
[Sat, 24 Aug 2013 16:05:44 +0400] (N); access_restrictions add-on installed
[Sat, 24 Aug 2013 16:05:44 +0400] (N); attachments add-on installed
[Sat, 24 Aug 2013 16:05:44 +0400] (N); banners add-on installed
[Sat, 24 Aug 2013 16:05:45 +0400] (N); barcode add-on installed
[Sat, 24 Aug 2013 16:05:45 +0400] (N); bestsellers add-on installed
[Sat, 24 Aug 2013 16:05:45 +0400] (N); buy_together add-on installed
[Sat, 24 Aug 2013 16:05:45 +0400] (N); catalog_mode add-on installed
[Sat, 24 Aug 2013 16:05:46 +0400] (N); customers_also_bought add-on installed
[Sat, 24 Aug 2013 16:05:46 +0400] (N); data_feeds add-on installed
[Sat, 24 Aug 2013 16:05:47 +0400] (N); discussion add-on installed
[Sat, 24 Aug 2013 16:05:47 +0400] (N); form_builder add-on installed
[Sat, 24 Aug 2013 16:05:47 +0400] (N); gift_certificates add-on installed
[Sat, 24 Aug 2013 16:05:48 +0400] (N); gift_registry add-on installed
[Sat, 24 Aug 2013 16:05:48 +0400] (N); google_analytics add-on installed
[Sat, 24 Aug 2013 16:05:48 +0400] (N); google_sitemap add-on installed
[Sat, 24 Aug 2013 16:05:48 +0400] (N); hidpi add-on installed
[Sat, 24 Aug 2013 16:05:49 +0400] (N); hybrid_auth add-on installed
[Sat, 24 Aug 2013 16:05:49 +0400] (N); image_zoom add-on installed
[Sat, 24 Aug 2013 16:05:49 +0400] (N); janrain add-on installed
[Sat, 24 Aug 2013 16:05:49 +0400] (N); my_changes add-on installed
[Sat, 24 Aug 2013 16:05:49 +0400] (N); news_and_emails add-on installed
[Sat, 24 Aug 2013 16:05:50 +0400] (N); polls add-on installed
[Sat, 24 Aug 2013 16:05:50 +0400] (N); price_list add-on installed
[Sat, 24 Aug 2013 16:05:50 +0400] (N); required_products add-on installed
[Sat, 24 Aug 2013 16:05:50 +0400] (N); reward_points add-on installed
[Sat, 24 Aug 2013 16:05:50 +0400] (N); rma add-on installed
[Sat, 24 Aug 2013 16:05:51 +0400] (N); rss_feed add-on installed
[Sat, 24 Aug 2013 16:05:51 +0400] (N); seo add-on installed
[Sat, 24 Aug 2013 16:05:51 +0400] (N); social_buttons add-on installed
[Sat, 24 Aug 2013 16:05:52 +0400] (N); statistics add-on installed
[Sat, 24 Aug 2013 16:05:52 +0400] (N); store_locator add-on installed
[Sat, 24 Aug 2013 16:05:53 +0400] (N); tags add-on installed
[Sat, 24 Aug 2013 16:05:54 +0400] (N); twigmo add-on installed
[Sat, 24 Aug 2013 16:05:54 +0400] (N); vendor_data_premoderation add-on installed
[Sat, 24 Aug 2013 16:05:54 +0400] (N); watermarks add-on installed
[Sat, 24 Aug 2013 16:05:55 +0400] (N); wishlist add-on installed
